<?xml version="1.0" encoding="UTF-8"?>
<!-- Generated by org.testng.reporters.JUnitReportReporter -->
<testsuite hostname="Emines-Laptop.lan" failures="0" tests="4" name="com.neotech.lesson03.HomeWork1" time="0.007" errors="0" timestamp="2023-10-11T14:47:17 EDT" skipped="1">
  <testcase classname="com.neotech.lesson03.HomeWork1" name="fourthMethod" time="0.002"/>
  <system-out/>
  <testcase classname="com.neotech.lesson03.HomeWork1" name="thirdMethod" time="0.003"/>
  <system-out/>
  <testcase classname="com.neotech.lesson03.HomeWork1" name="firstMethod" time="0.002"/>
  <system-out/>
  <testcase classname="com.neotech.lesson03.HomeWork1" name="secondMethod">
    <skipped/>
  </testcase> <!-- secondMethod -->
  <system-out/>
</testsuite> <!-- com.neotech.lesson03.HomeWork1 -->
