<?xml version="1.0" encoding="UTF-8"?>
<!-- Generated by org.testng.reporters.JUnitReportReporter -->
<testsuite hostname="Emines-Laptop.lan" failures="0" tests="2" name="com.neotech.lesson02.Homework1" time="47.192" errors="0" timestamp="2023-10-09T11:49:02 EDT" skipped="0">
  <testcase classname="com.neotech.lesson02.Homework1" name="LoginValidation" time="34.872"/>
  <system-out/>
  <testcase classname="com.neotech.lesson02.Homework1" name="negativeLoginTest" time="12.320"/>
  <system-out/>
</testsuite> <!-- com.neotech.lesson02.Homework1 -->
