<?xml version="1.0" encoding="UTF-8"?>
<!-- Generated by org.testng.reporters.JUnitReportReporter -->
<testsuite hostname="Emines-Laptop.lan" failures="0" tests="1" name="com.neotech.lesson01.TitleAndLoginValidation" time="19.086" errors="0" timestamp="2023-10-11T01:55:44 EDT" skipped="0">
  <testcase classname="com.neotech.lesson01.TitleAndLoginValidation" name="logoValidation" time="19.086"/>
  <system-out/>
</testsuite> <!-- com.neotech.lesson01.TitleAndLoginValidation -->
