<?xml version="1.0" encoding="UTF-8"?>
<!-- Generated by org.testng.reporters.JUnitReportReporter -->
<testsuite hostname="Emines-Laptop.lan" failures="0" tests="8" name="com.neotech.lesson02.PriorityDemo" time="0.037" errors="0" timestamp="2023-10-11T01:18:47 EDT" skipped="0">
  <testcase classname="com.neotech.lesson02.PriorityDemo" name="FirstTest" time="0.022"/>
  <system-out/>
  <testcase classname="com.neotech.lesson02.PriorityDemo" name="FirstTest" time="0.001"/>
  <system-out/>
  <testcase classname="com.neotech.lesson02.PriorityDemo" name="secondTest" time="0.002"/>
  <system-out/>
  <testcase classname="com.neotech.lesson02.PriorityDemo" name="secondTest" time="0.002"/>
  <system-out/>
  <testcase classname="com.neotech.lesson02.PriorityDemo" name="ThirdtTest" time="0.002"/>
  <system-out/>
  <testcase classname="com.neotech.lesson02.PriorityDemo" name="ThirdtTest" time="0.001"/>
  <system-out/>
  <testcase classname="com.neotech.lesson02.PriorityDemo" name="FourtTest" time="0.004"/>
  <system-out/>
  <testcase classname="com.neotech.lesson02.PriorityDemo" name="FourtTest" time="0.003"/>
  <system-out/>
</testsuite> <!-- com.neotech.lesson02.PriorityDemo -->
