<?xml version="1.0" encoding="UTF-8"?>
<!-- Generated by org.testng.reporters.JUnitReportReporter -->
<testsuite hostname="Emines-Laptop.lan" failures="0" tests="3" name="com.neotech.lesson02.HomeWork" time="169.149" errors="0" timestamp="2023-10-11T00:47:09 EDT" skipped="1">
  <testcase classname="com.neotech.lesson02.HomeWork" name="addEmploye" time="92.658"/>
  <system-out/>
  <testcase classname="com.neotech.lesson02.HomeWork" name="clickAndAddEmployee" time="76.491"/>
  <system-out/>
  <testcase classname="com.neotech.lesson02.HomeWork" name="loginAplication">
    <skipped/>
  </testcase> <!-- loginAplication -->
  <system-out/>
</testsuite> <!-- com.neotech.lesson02.HomeWork -->
