<?xml version="1.0" encoding="UTF-8"?>
<!-- Generated by org.testng.reporters.JUnitReportReporter -->
<testsuite hostname="Emines-Laptop.lan" failures="0" tests="1" name="com.neotech.lesson01.HomeWork" time="12.112" errors="0" timestamp="2023-10-07T23:28:34 EDT" skipped="0">
  <testcase classname="com.neotech.lesson01.HomeWork" name="loginValidate" time="12.112"/>
  <system-out/>
</testsuite> <!-- com.neotech.lesson01.HomeWork -->
