<?xml version="1.0" encoding="UTF-8"?>
<!-- Generated by org.testng.reporters.JUnitReportReporter -->
<testsuite hostname="Emines-Laptop.lan" failures="0" tests="4" name="com.neotech.lesson03.GroupsDemo" time="0.013" errors="0" timestamp="2023-10-11T14:47:17 EDT" skipped="0">
  <testcase classname="com.neotech.lesson03.GroupsDemo" name="test3" time="0.001"/>
  <system-out/>
  <testcase classname="com.neotech.lesson03.GroupsDemo" name="test4" time="0.003"/>
  <system-out/>
  <testcase classname="com.neotech.lesson03.GroupsDemo" name="test1" time="0.009"/>
  <system-out/>
  <testcase classname="com.neotech.lesson03.GroupsDemo" name="test2" time="0.000"/>
  <system-out/>
</testsuite> <!-- com.neotech.lesson03.GroupsDemo -->
