<?xml version="1.0" encoding="UTF-8"?>
<!-- Generated by org.testng.reporters.JUnitReportReporter -->
<testsuite hostname="Emines-Laptop.lan" failures="0" tests="2" name="com.neotech.lesson02.PracticeTestNG" time="10.408" errors="0" timestamp="2023-10-10T00:03:36 EDT" skipped="1">
  <testcase classname="com.neotech.lesson02.PracticeTestNG" name="logoValidation" time="10.408"/>
  <system-out/>
  <testcase classname="com.neotech.lesson02.PracticeTestNG" name="titleValidation">
    <skipped/>
  </testcase> <!-- titleValidation -->
  <system-out/>
</testsuite> <!-- com.neotech.lesson02.PracticeTestNG -->
