<?xml version="1.0" encoding="UTF-8"?>
<!-- Generated by org.testng.reporters.JUnitReportReporter -->
<testsuite hostname="Emines-Laptop.lan" failures="0" tests="5" name="com.neotech.lesson02.HomeWork_1" time="0.018" errors="0" timestamp="2023-10-09T15:24:36 EDT" skipped="1">
  <testcase classname="com.neotech.lesson02.HomeWork_1" name="secondMethod" time="0.012"/>
  <system-out/>
  <testcase classname="com.neotech.lesson02.HomeWork_1" name="firstMethod" time="0.001"/>
  <system-out/>
  <testcase classname="com.neotech.lesson02.HomeWork_1" name="thirdMethod" time="0.003"/>
  <system-out/>
  <testcase classname="com.neotech.lesson02.HomeWork_1" name="fourthMethod" time="0.002"/>
  <system-out/>
  <testcase classname="com.neotech.lesson02.HomeWork_1" name="firstMethod1">
    <skipped/>
  </testcase> <!-- firstMethod1 -->
  <system-out/>
</testsuite> <!-- com.neotech.lesson02.HomeWork_1 -->
