<?xml version="1.0" encoding="UTF-8"?>
<!-- Generated by org.testng.reporters.JUnitReportReporter -->
<testsuite hostname="Emines-Laptop.lan" failures="0" tests="3" name="com.neotech.lesson03.HomeWork_1" time="260.554" errors="0" timestamp="2023-10-11T14:41:11 EDT" skipped="0">
  <testcase classname="com.neotech.lesson03.HomeWork_1" name="loginAplication" time="80.373"/>
  <system-out/>
  <testcase classname="com.neotech.lesson03.HomeWork_1" name="loginAplication" time="82.470"/>
  <system-out/>
  <testcase classname="com.neotech.lesson03.HomeWork_1" name="loginAplication" time="97.711"/>
  <system-out/>
</testsuite> <!-- com.neotech.lesson03.HomeWork_1 -->
