<?xml version="1.0" encoding="UTF-8"?>
<!-- Generated by org.testng.reporters.JUnitReportReporter -->
<testsuite hostname="Emines-Laptop.lan" failures="0" tests="1" name="com.neotech.lesson02.SoftAssretDemo" time="36.837" errors="0" timestamp="2023-10-09T14:55:04 EDT" skipped="0">
  <testcase classname="com.neotech.lesson02.SoftAssretDemo" name="logoAndLoginValidation" time="36.837"/>
  <system-out/>
</testsuite> <!-- com.neotech.lesson02.SoftAssretDemo -->
