<?xml version="1.0" encoding="UTF-8"?>
<!-- Generated by org.testng.reporters.JUnitReportReporter -->
<testsuite hostname="Emines-Laptop.lan" failures="0" tests="1" name="com.neotech.lesson02.HomeWork_2" time="90.523" errors="0" timestamp="2023-10-09T21:26:34 EDT" skipped="0">
  <testcase classname="com.neotech.lesson02.HomeWork_2" name="LoginValidatePage" time="90.523"/>
  <system-out/>
</testsuite> <!-- com.neotech.lesson02.HomeWork_2 -->
