<?xml version="1.0" encoding="UTF-8"?>
<!-- Generated by org.testng.reporters.JUnitReportReporter -->
<testsuite hostname="Emines-Laptop.lan" failures="0" tests="3" name="com.neotech.lesson01.TestNGAnnotions" time="0.026" errors="0" timestamp="2023-10-07T13:51:52 EDT" skipped="0">
  <testcase classname="com.neotech.lesson01.TestNGAnnotions" name="test1" time="0.013"/>
  <system-out/>
  <testcase classname="com.neotech.lesson01.TestNGAnnotions" name="test2" time="0.009"/>
  <system-out/>
  <testcase classname="com.neotech.lesson01.TestNGAnnotions" name="test3" time="0.004"/>
  <system-out/>
</testsuite> <!-- com.neotech.lesson01.TestNGAnnotions -->
