<?xml version="1.0" encoding="UTF-8"?>
<!-- Generated by org.testng.reporters.JUnitReportReporter -->
<testsuite hostname="Emines-Laptop.lan" failures="0" tests="3" name="com.neotech.lesson03.DataProviderDemo" time="67.274" errors="0" timestamp="2023-10-11T14:47:17 EDT" skipped="0">
  <testcase classname="com.neotech.lesson03.DataProviderDemo" name="loginfanctionality" time="23.673"/>
  <system-out/>
  <testcase classname="com.neotech.lesson03.DataProviderDemo" name="loginfanctionality" time="21.910"/>
  <system-out/>
  <testcase classname="com.neotech.lesson03.DataProviderDemo" name="loginfanctionality" time="21.691"/>
  <system-out/>
</testsuite> <!-- com.neotech.lesson03.DataProviderDemo -->
