<?xml version="1.0" encoding="UTF-8"?>
<!-- Generated by org.testng.reporters.JUnitReportReporter -->
<testsuite hostname="Emines-Laptop.lan" failures="0" tests="4" name="com.neotech.lesson02.PracticeTsetNG" time="0.017" errors="0" timestamp="2023-10-09T23:11:52 EDT" skipped="0">
  <testcase classname="com.neotech.lesson02.PracticeTsetNG" name="test1" time="0.011"/>
  <system-out/>
  <testcase classname="com.neotech.lesson02.PracticeTsetNG" name="test3" time="0.003"/>
  <system-out/>
  <testcase classname="com.neotech.lesson02.PracticeTsetNG" name="test2" time="0.002"/>
  <system-out/>
  <testcase classname="com.neotech.lesson02.PracticeTsetNG" name="test4" time="0.001"/>
  <system-out/>
</testsuite> <!-- com.neotech.lesson02.PracticeTsetNG -->
