<?xml version="1.0" encoding="UTF-8"?>
<!-- Generated by org.testng.reporters.JUnitReportReporter -->
<testsuite hostname="Emines-Laptop.lan" failures="0" tests="2" name="com.neotech.lesson02.AssertionDemo" time="12.630" errors="0" timestamp="2023-10-10T19:19:17 EDT" skipped="1">
  <testcase classname="com.neotech.lesson02.AssertionDemo" name="logoValidation" time="12.630"/>
  <system-out/>
  <testcase classname="com.neotech.lesson02.AssertionDemo" name="titleValidation">
    <skipped/>
  </testcase> <!-- titleValidation -->
  <system-out/>
</testsuite> <!-- com.neotech.lesson02.AssertionDemo -->
