<?xml version="1.0" encoding="UTF-8"?>
<!-- Generated by org.testng.reporters.JUnitReportReporter -->
<testsuite hostname="Emines-Laptop.lan" failures="0" tests="8" name="com.neotech.lesson02.EnableAndDisable" time="0.021" errors="0" timestamp="2023-10-11T01:18:47 EDT" skipped="2">
  <testcase classname="com.neotech.lesson02.EnableAndDisable" name="FirstTest" time="0.004"/>
  <system-out/>
  <testcase classname="com.neotech.lesson02.EnableAndDisable" name="FirstTest" time="0.012"/>
  <system-out/>
  <testcase classname="com.neotech.lesson02.EnableAndDisable" name="ThirdtTest" time="0.002"/>
  <system-out/>
  <testcase classname="com.neotech.lesson02.EnableAndDisable" name="ThirdtTest" time="0.001"/>
  <system-out/>
  <testcase classname="com.neotech.lesson02.EnableAndDisable" name="FourtTest" time="0.002"/>
  <system-out/>
  <testcase classname="com.neotech.lesson02.EnableAndDisable" name="FourtTest" time="0.000"/>
  <system-out/>
  <testcase classname="com.neotech.lesson02.EnableAndDisable" name="secondTest">
    <skipped/>
  </testcase> <!-- secondTest -->
  <system-out/>
  <testcase classname="com.neotech.lesson02.EnableAndDisable" name="secondTest">
    <skipped/>
  </testcase> <!-- secondTest -->
  <system-out/>
</testsuite> <!-- com.neotech.lesson02.EnableAndDisable -->
