<?xml version="1.0" encoding="UTF-8"?>
<!-- Generated by org.testng.reporters.JUnitReportReporter -->
<testsuite hostname="Emines-Laptop.lan" failures="0" tests="2" name="com.neotech.lesson01.MoreTestNGAnnotions" time="0.014" errors="0" timestamp="2023-10-07T14:33:29 EDT" skipped="0">
  <testcase classname="com.neotech.lesson01.MoreTestNGAnnotions" name="test2" time="0.004"/>
  <system-out/>
  <testcase classname="com.neotech.lesson01.MoreTestNGAnnotions" name="test1" time="0.010"/>
  <system-out/>
</testsuite> <!-- com.neotech.lesson01.MoreTestNGAnnotions -->
